-------------------------------------------------------------------------------
Test set: com.sap.cloud.s4hana.examples.HelloWorldServletTest
-------------------------------------------------------------------------------
Tests run: 1, Failures: 1, Errors: 0, Skipped: 0, Time elapsed: 13.572 s <<< FAILURE! - in com.sap.cloud.s4hana.examples.HelloWorldServletTest
testService(com.sap.cloud.s4hana.examples.HelloWorldServletTest)  Time elapsed: 3.106 s  <<< FAILURE!
java.lang.AssertionError: 

Expecting:
 <"<!doctype html><html lang="en"><head><title>HTTP Status 500 – Internal Server Error</title><style type="text/css">h1 {font-family:Tahoma,Arial,sans-serif;color:white;background-color:#525D76;font-size:22px;} h2 {font-family:Tahoma,Arial,sans-serif;color:white;background-color:#525D76;font-size:16px;} h3 {font-family:Tahoma,Arial,sans-serif;color:white;background-color:#525D76;font-size:14px;} body {font-family:Tahoma,Arial,sans-serif;color:black;background-color:white;} b {font-family:Tahoma,Arial,sans-serif;color:white;background-color:#525D76;} p {font-family:Tahoma,Arial,sans-serif;background:white;color:black;font-size:12px;} a {color:black;} a.name {color:black;} .line {height:1px;background-color:#525D76;border:none;}</style></head><body><h1>HTTP Status 500 – Internal Server Error</h1><hr class="line" /><p><b>Type</b> Exception Report</p><p><b>Message</b> com.sap.cloud.sdk.cloudplatform.connectivity.exception.DestinationNotFoundException: Failed to get destination &#39;ErpQueryEndpoint&#39;. Have you mocked this destination?</p><p><b>Description</b> The server encountered an unexpected condition that prevented it from fulfilling the request.</p><p><b>Exception</b></p><pre>com.sap.cloud.sdk.cloudplatform.exception.ShouldNotHappenException: com.sap.cloud.sdk.cloudplatform.connectivity.exception.DestinationNotFoundException: Failed to get destination &#39;ErpQueryEndpoint&#39;. Have you mocked this destination?
	com.sap.cloud.sdk.cloudplatform.servlet.RequestContextServletFilter.doFilter(RequestContextServletFilter.java:216)
</pre><p><b>Root Cause</b></p><pre>com.sap.cloud.sdk.cloudplatform.connectivity.exception.DestinationNotFoundException: Failed to get destination &#39;ErpQueryEndpoint&#39;. Have you mocked this destination?
	com.sap.cloud.sdk.testutil.DefaultDestinationMocker.getDestinationAsType(DefaultDestinationMocker.java:90)
	com.sap.cloud.sdk.testutil.GetDestinationMockitoAnswer.answer(GetDestinationMockitoAnswer.java:26)
	com.sap.cloud.sdk.testutil.GetDestinationMockitoAnswer.answer(GetDestinationMockitoAnswer.java:15)
	org.mockito.internal.stubbing.StubbedInvocationMatcher.answer(StubbedInvocationMatcher.java:39)
	org.mockito.internal.handler.MockHandlerImpl.handle(MockHandlerImpl.java:96)
	org.mockito.internal.handler.NullResultGuardian.handle(NullResultGuardian.java:29)
	org.mockito.internal.handler.InvocationNotifierHandler.handle(InvocationNotifierHandler.java:35)
	org.mockito.internal.creation.bytebuddy.MockMethodInterceptor.doIntercept(MockMethodInterceptor.java:63)
	org.mockito.internal.creation.bytebuddy.MockMethodInterceptor.doIntercept(MockMethodInterceptor.java:49)
	org.mockito.internal.creation.bytebuddy.MockMethodInterceptor$DispatcherDefaultingToRealMethod.interceptSuperCallable(MockMethodInterceptor.java:110)
	com.sap.cloud.sdk.cloudplatform.connectivity.ScpNeoDestinationFacade$MockitoMock$2089703960.getGenericDestination(Unknown Source)
	com.sap.cloud.sdk.cloudplatform.connectivity.DestinationAccessor.getGenericDestination(DestinationAccessor.java:176)
	com.sap.cloud.sdk.s4hana.connectivity.ErpConfigContext.&lt;init&gt;(ErpConfigContext.java:223)
	com.sap.cloud.sdk.s4hana.connectivity.ErpConfigContext.&lt;init&gt;(ErpConfigContext.java:372)
	com.sap.cloud.sdk.s4hana.connectivity.ErpConfigContext.&lt;init&gt;(ErpConfigContext.java:507)
	com.sap.cloud.sdk.s4hana.datamodel.odata.helper.FluentHelperBasic.execute(FluentHelperBasic.java:129)
	com.sap.cloud.s4hana.examples.HelloWorldServlet.doGet(HelloWorldServlet.java:35)
	javax.servlet.http.HttpServlet.service(HttpServlet.java:622)
	javax.servlet.http.HttpServlet.service(HttpServlet.java:729)
	org.apache.tomcat.websocket.server.WsFilter.doFilter(WsFilter.java:52)
	org.apache.openejb.server.httpd.EEFilter.doFilter(EEFilter.java:65)
	com.sap.cloud.sdk.cloudplatform.servlet.RequestContextServletFilter.lambda$doFilter$0(RequestContextServletFilter.java:197)
	com.sap.cloud.sdk.cloudplatform.servlet.RequestContextCallable.call(RequestContextCallable.java:131)
	com.sap.cloud.sdk.cloudplatform.servlet.RequestContextServletFilter.doFilter(RequestContextServletFilter.java:209)
</pre><p><b>Note</b> The full stack trace of the root cause is available in the server logs.</p><hr class="line" /><h3>Apache Tomcat/8.5.32</h3></body></html>">
to be equal to:
 <"Hello World!">
ignoring case considerations
	at com.sap.cloud.s4hana.examples.HelloWorldServletTest.testService(HelloWorldServletTest.java:50)

